[07-May-2018 09:45:55 UTC] PHP Fatal error:  Uncaught Error: Class 'ABD' not found in /home/cclosh/SVN/cc/todo/fastphp/fastphp.php:20
Stack trace:
#0 /home/cclosh/SVN/cc/todo/public/index.php(8): require()
#1 {main}
  thrown in /home/cclosh/SVN/cc/todo/fastphp/fastphp.php on line 20
[07-May-2018 09:48:11 UTC] PHP Fatal error:  Uncaught Error: Class 'ABD' not found in /home/cclosh/SVN/cc/todo/fastphp/fastphp.php:20
Stack trace:
#0 /home/cclosh/SVN/cc/todo/public/index.php(8): require()
#1 {main}
  thrown in /home/cclosh/SVN/cc/todo/fastphp/fastphp.php on line 20
[07-May-2018 09:48:11 UTC] PHP Fatal error:  Uncaught Error: Class 'ABD' not found in /home/cclosh/SVN/cc/todo/fastphp/fastphp.php:20
Stack trace:
#0 /home/cclosh/SVN/cc/todo/public/index.php(8): require()
#1 {main}
  thrown in /home/cclosh/SVN/cc/todo/fastphp/fastphp.php on line 20
[07-May-2018 09:48:39 UTC] PHP Fatal error:  Uncaught Error: Class 'ABD' not found in /home/cclosh/SVN/cc/todo/fastphp/fastphp.php:22
Stack trace:
#0 /home/cclosh/SVN/cc/todo/public/index.php(8): require()
#1 {main}
  thrown in /home/cclosh/SVN/cc/todo/fastphp/fastphp.php on line 22
[07-May-2018 09:48:39 UTC] PHP Fatal error:  Uncaught Error: Class 'ABD' not found in /home/cclosh/SVN/cc/todo/fastphp/fastphp.php:22
Stack trace:
#0 /home/cclosh/SVN/cc/todo/public/index.php(8): require()
#1 {main}
  thrown in /home/cclosh/SVN/cc/todo/fastphp/fastphp.php on line 22
[07-May-2018 09:48:39 UTC] PHP Fatal error:  Uncaught Error: Class 'ABD' not found in /home/cclosh/SVN/cc/todo/fastphp/fastphp.php:22
Stack trace:
#0 /home/cclosh/SVN/cc/todo/public/index.php(8): require()
#1 {main}
  thrown in /home/cclosh/SVN/cc/todo/fastphp/fastphp.php on line 22
[07-May-2018 09:48:39 UTC] PHP Fatal error:  Uncaught Error: Class 'ABD' not found in /home/cclosh/SVN/cc/todo/fastphp/fastphp.php:22
Stack trace:
#0 /home/cclosh/SVN/cc/todo/public/index.php(8): require()
#1 {main}
  thrown in /home/cclosh/SVN/cc/todo/fastphp/fastphp.php on line 22
[07-May-2018 09:48:40 UTC] PHP Fatal error:  Uncaught Error: Class 'ABD' not found in /home/cclosh/SVN/cc/todo/fastphp/fastphp.php:22
Stack trace:
#0 /home/cclosh/SVN/cc/todo/public/index.php(8): require()
#1 {main}
  thrown in /home/cclosh/SVN/cc/todo/fastphp/fastphp.php on line 22
[07-May-2018 09:48:40 UTC] PHP Fatal error:  Uncaught Error: Class 'ABD' not found in /home/cclosh/SVN/cc/todo/fastphp/fastphp.php:22
Stack trace:
#0 /home/cclosh/SVN/cc/todo/public/index.php(8): require()
#1 {main}
  thrown in /home/cclosh/SVN/cc/todo/fastphp/fastphp.php on line 22
[07-May-2018 09:48:40 UTC] PHP Fatal error:  Uncaught Error: Class 'ABD' not found in /home/cclosh/SVN/cc/todo/fastphp/fastphp.php:22
Stack trace:
#0 /home/cclosh/SVN/cc/todo/public/index.php(8): require()
#1 {main}
  thrown in /home/cclosh/SVN/cc/todo/fastphp/fastphp.php on line 22
[07-May-2018 09:48:40 UTC] PHP Fatal error:  Uncaught Error: Class 'ABD' not found in /home/cclosh/SVN/cc/todo/fastphp/fastphp.php:22
Stack trace:
#0 /home/cclosh/SVN/cc/todo/public/index.php(8): require()
#1 {main}
  thrown in /home/cclosh/SVN/cc/todo/fastphp/fastphp.php on line 22
[07-May-2018 09:48:40 UTC] PHP Fatal error:  Uncaught Error: Class 'ABD' not found in /home/cclosh/SVN/cc/todo/fastphp/fastphp.php:22
Stack trace:
#0 /home/cclosh/SVN/cc/todo/public/index.php(8): require()
#1 {main}
  thrown in /home/cclosh/SVN/cc/todo/fastphp/fastphp.php on line 22
[07-May-2018 09:48:40 UTC] PHP Fatal error:  Uncaught Error: Class 'ABD' not found in /home/cclosh/SVN/cc/todo/fastphp/fastphp.php:22
Stack trace:
#0 /home/cclosh/SVN/cc/todo/public/index.php(8): require()
#1 {main}
  thrown in /home/cclosh/SVN/cc/todo/fastphp/fastphp.php on line 22
[07-May-2018 10:12:07 UTC] PHP Fatal error:  Uncaught Error: Class 'ABD' not found in /home/cclosh/SVN/cc/todo/fastphp/fastphp.php:22
Stack trace:
#0 /home/cclosh/SVN/cc/todo/public/index.php(8): require()
#1 {main}
  thrown in /home/cclosh/SVN/cc/todo/fastphp/fastphp.php on line 22
[07-May-2018 10:13:05 UTC] PHP Fatal error:  Uncaught Error: Class 'ABD' not found in /home/cclosh/SVN/cc/todo/fastphp/fastphp.php:22
Stack trace:
#0 /home/cclosh/SVN/cc/todo/public/index.php(8): require()
#1 {main}
  thrown in /home/cclosh/SVN/cc/todo/fastphp/fastphp.php on line 22
[07-May-2018 10:13:12 UTC] PHP Fatal error:  Uncaught Error: Class 'ABD' not found in /home/cclosh/SVN/cc/todo/fastphp/fastphp.php:22
Stack trace:
#0 /home/cclosh/SVN/cc/todo/public/index.php(8): require()
#1 {main}
  thrown in /home/cclosh/SVN/cc/todo/fastphp/fastphp.php on line 22
[07-May-2018 10:13:12 UTC] PHP Fatal error:  Uncaught Error: Class 'ABD' not found in /home/cclosh/SVN/cc/todo/fastphp/fastphp.php:22
Stack trace:
#0 /home/cclosh/SVN/cc/todo/public/index.php(8): require()
#1 {main}
  thrown in /home/cclosh/SVN/cc/todo/fastphp/fastphp.php on line 22
[07-May-2018 10:13:13 UTC] PHP Fatal error:  Uncaught Error: Class 'ABD' not found in /home/cclosh/SVN/cc/todo/fastphp/fastphp.php:22
Stack trace:
#0 /home/cclosh/SVN/cc/todo/public/index.php(8): require()
#1 {main}
  thrown in /home/cclosh/SVN/cc/todo/fastphp/fastphp.php on line 22
[07-May-2018 10:13:13 UTC] PHP Fatal error:  Uncaught Error: Class 'ABD' not found in /home/cclosh/SVN/cc/todo/fastphp/fastphp.php:22
Stack trace:
#0 /home/cclosh/SVN/cc/todo/public/index.php(8): require()
#1 {main}
  thrown in /home/cclosh/SVN/cc/todo/fastphp/fastphp.php on line 22
[07-May-2018 10:13:13 UTC] PHP Fatal error:  Uncaught Error: Class 'ABD' not found in /home/cclosh/SVN/cc/todo/fastphp/fastphp.php:22
Stack trace:
#0 /home/cclosh/SVN/cc/todo/public/index.php(8): require()
#1 {main}
  thrown in /home/cclosh/SVN/cc/todo/fastphp/fastphp.php on line 22
[07-May-2018 10:55:10 UTC] PHP Fatal error:  Uncaught Error: Class 'ABD' not found in /home/cclosh/SVN/cc/todo/fastphp/fastphp.php:22
Stack trace:
#0 /home/cclosh/SVN/cc/todo/public/index.php(8): require()
#1 {main}
  thrown in /home/cclosh/SVN/cc/todo/fastphp/fastphp.php on line 22
[07-May-2018 10:55:13 UTC] PHP Fatal error:  Uncaught Error: Class 'ABD' not found in /home/cclosh/SVN/cc/todo/fastphp/fastphp.php:22
Stack trace:
#0 /home/cclosh/SVN/cc/todo/public/index.php(8): require()
#1 {main}
  thrown in /home/cclosh/SVN/cc/todo/fastphp/fastphp.php on line 22
[07-May-2018 11:05:11 UTC] PHP Fatal error:  Uncaught Error: Class 'ABD' not found in /home/cclosh/SVN/cc/todo/fastphp/fastphp.php:22
Stack trace:
#0 /home/cclosh/SVN/cc/todo/public/index.php(8): require()
#1 {main}
  thrown in /home/cclosh/SVN/cc/todo/fastphp/fastphp.php on line 22
[07-May-2018 11:17:21 UTC] PHP Warning:  addslashes() expects exactly 1 parameter, 0 given in /home/cclosh/SVN/cc/todo/fastphp/core.php on line 48
[07-May-2018 11:17:21 UTC] PHP Stack trace:
[07-May-2018 11:17:21 UTC] PHP   1. {main}() /home/cclosh/SVN/cc/todo/public/index.php:0
[07-May-2018 11:17:21 UTC] PHP   2. require() /home/cclosh/SVN/cc/todo/public/index.php:8
[07-May-2018 11:17:21 UTC] PHP   3. Fast->run() /home/cclosh/SVN/cc/todo/fastphp/fastphp.php:20
[07-May-2018 11:17:21 UTC] PHP   4. Fast->removeMagicQuotes() /home/cclosh/SVN/cc/todo/fastphp/core.php:9
[07-May-2018 11:17:21 UTC] PHP   5. addslashes() /home/cclosh/SVN/cc/todo/fastphp/core.php:48
[07-May-2018 11:17:21 UTC] PHP Warning:  addslashes() expects exactly 1 parameter, 0 given in /home/cclosh/SVN/cc/todo/fastphp/core.php on line 48
[07-May-2018 11:17:21 UTC] PHP Stack trace:
[07-May-2018 11:17:21 UTC] PHP   1. {main}() /home/cclosh/SVN/cc/todo/public/index.php:0
[07-May-2018 11:17:21 UTC] PHP   2. require() /home/cclosh/SVN/cc/todo/public/index.php:8
[07-May-2018 11:17:21 UTC] PHP   3. Fast->run() /home/cclosh/SVN/cc/todo/fastphp/fastphp.php:20
[07-May-2018 11:17:21 UTC] PHP   4. Fast->removeMagicQuotes() /home/cclosh/SVN/cc/todo/fastphp/core.php:9
[07-May-2018 11:17:21 UTC] PHP   5. addslashes() /home/cclosh/SVN/cc/todo/fastphp/core.php:48
[07-May-2018 11:17:21 UTC] PHP Warning:  addslashes() expects exactly 1 parameter, 0 given in /home/cclosh/SVN/cc/todo/fastphp/core.php on line 48
[07-May-2018 11:17:21 UTC] PHP Stack trace:
[07-May-2018 11:17:21 UTC] PHP   1. {main}() /home/cclosh/SVN/cc/todo/public/index.php:0
[07-May-2018 11:17:21 UTC] PHP   2. require() /home/cclosh/SVN/cc/todo/public/index.php:8
[07-May-2018 11:17:21 UTC] PHP   3. Fast->run() /home/cclosh/SVN/cc/todo/fastphp/fastphp.php:20
[07-May-2018 11:17:21 UTC] PHP   4. Fast->removeMagicQuotes() /home/cclosh/SVN/cc/todo/fastphp/core.php:9
[07-May-2018 11:17:21 UTC] PHP   5. addslashes() /home/cclosh/SVN/cc/todo/fastphp/core.php:48
[07-May-2018 11:17:22 UTC] PHP Warning:  addslashes() expects exactly 1 parameter, 0 given in /home/cclosh/SVN/cc/todo/fastphp/core.php on line 48
[07-May-2018 11:17:22 UTC] PHP Stack trace:
[07-May-2018 11:17:22 UTC] PHP   1. {main}() /home/cclosh/SVN/cc/todo/public/index.php:0
[07-May-2018 11:17:22 UTC] PHP   2. require() /home/cclosh/SVN/cc/todo/public/index.php:8
[07-May-2018 11:17:22 UTC] PHP   3. Fast->run() /home/cclosh/SVN/cc/todo/fastphp/fastphp.php:20
[07-May-2018 11:17:22 UTC] PHP   4. Fast->removeMagicQuotes() /home/cclosh/SVN/cc/todo/fastphp/core.php:9
[07-May-2018 11:17:22 UTC] PHP   5. addslashes() /home/cclosh/SVN/cc/todo/fastphp/core.php:48
[07-May-2018 11:17:22 UTC] PHP Warning:  addslashes() expects exactly 1 parameter, 0 given in /home/cclosh/SVN/cc/todo/fastphp/core.php on line 48
[07-May-2018 11:17:22 UTC] PHP Stack trace:
[07-May-2018 11:17:22 UTC] PHP   1. {main}() /home/cclosh/SVN/cc/todo/public/index.php:0
[07-May-2018 11:17:22 UTC] PHP   2. require() /home/cclosh/SVN/cc/todo/public/index.php:8
[07-May-2018 11:17:22 UTC] PHP   3. Fast->run() /home/cclosh/SVN/cc/todo/fastphp/fastphp.php:20
[07-May-2018 11:17:22 UTC] PHP   4. Fast->removeMagicQuotes() /home/cclosh/SVN/cc/todo/fastphp/core.php:9
[07-May-2018 11:17:22 UTC] PHP   5. addslashes() /home/cclosh/SVN/cc/todo/fastphp/core.php:48
[07-May-2018 11:17:22 UTC] PHP Warning:  addslashes() expects exactly 1 parameter, 0 given in /home/cclosh/SVN/cc/todo/fastphp/core.php on line 48
[07-May-2018 11:17:22 UTC] PHP Stack trace:
[07-May-2018 11:17:22 UTC] PHP   1. {main}() /home/cclosh/SVN/cc/todo/public/index.php:0
[07-May-2018 11:17:22 UTC] PHP   2. require() /home/cclosh/SVN/cc/todo/public/index.php:8
[07-May-2018 11:17:22 UTC] PHP   3. Fast->run() /home/cclosh/SVN/cc/todo/fastphp/fastphp.php:20
[07-May-2018 11:17:22 UTC] PHP   4. Fast->removeMagicQuotes() /home/cclosh/SVN/cc/todo/fastphp/core.php:9
[07-May-2018 11:17:22 UTC] PHP   5. addslashes() /home/cclosh/SVN/cc/todo/fastphp/core.php:48
[07-May-2018 11:17:22 UTC] PHP Warning:  addslashes() expects exactly 1 parameter, 0 given in /home/cclosh/SVN/cc/todo/fastphp/core.php on line 48
[07-May-2018 11:17:22 UTC] PHP Stack trace:
[07-May-2018 11:17:22 UTC] PHP   1. {main}() /home/cclosh/SVN/cc/todo/public/index.php:0
[07-May-2018 11:17:22 UTC] PHP   2. require() /home/cclosh/SVN/cc/todo/public/index.php:8
[07-May-2018 11:17:22 UTC] PHP   3. Fast->run() /home/cclosh/SVN/cc/todo/fastphp/fastphp.php:20
[07-May-2018 11:17:22 UTC] PHP   4. Fast->removeMagicQuotes() /home/cclosh/SVN/cc/todo/fastphp/core.php:9
[07-May-2018 11:17:22 UTC] PHP   5. addslashes() /home/cclosh/SVN/cc/todo/fastphp/core.php:48
[07-May-2018 11:17:22 UTC] PHP Warning:  addslashes() expects exactly 1 parameter, 0 given in /home/cclosh/SVN/cc/todo/fastphp/core.php on line 48
[07-May-2018 11:17:22 UTC] PHP Stack trace:
[07-May-2018 11:17:22 UTC] PHP   1. {main}() /home/cclosh/SVN/cc/todo/public/index.php:0
[07-May-2018 11:17:22 UTC] PHP   2. require() /home/cclosh/SVN/cc/todo/public/index.php:8
[07-May-2018 11:17:22 UTC] PHP   3. Fast->run() /home/cclosh/SVN/cc/todo/fastphp/fastphp.php:20
[07-May-2018 11:17:22 UTC] PHP   4. Fast->removeMagicQuotes() /home/cclosh/SVN/cc/todo/fastphp/core.php:9
[07-May-2018 11:17:22 UTC] PHP   5. addslashes() /home/cclosh/SVN/cc/todo/fastphp/core.php:48
[07-May-2018 11:17:22 UTC] PHP Warning:  addslashes() expects exactly 1 parameter, 0 given in /home/cclosh/SVN/cc/todo/fastphp/core.php on line 48
[07-May-2018 11:17:22 UTC] PHP Stack trace:
[07-May-2018 11:17:22 UTC] PHP   1. {main}() /home/cclosh/SVN/cc/todo/public/index.php:0
[07-May-2018 11:17:22 UTC] PHP   2. require() /home/cclosh/SVN/cc/todo/public/index.php:8
[07-May-2018 11:17:22 UTC] PHP   3. Fast->run() /home/cclosh/SVN/cc/todo/fastphp/fastphp.php:20
[07-May-2018 11:17:22 UTC] PHP   4. Fast->removeMagicQuotes() /home/cclosh/SVN/cc/todo/fastphp/core.php:9
[07-May-2018 11:17:22 UTC] PHP   5. addslashes() /home/cclosh/SVN/cc/todo/fastphp/core.php:48
[07-May-2018 11:17:23 UTC] PHP Warning:  addslashes() expects exactly 1 parameter, 0 given in /home/cclosh/SVN/cc/todo/fastphp/core.php on line 48
[07-May-2018 11:17:23 UTC] PHP Stack trace:
[07-May-2018 11:17:23 UTC] PHP   1. {main}() /home/cclosh/SVN/cc/todo/public/index.php:0
[07-May-2018 11:17:23 UTC] PHP   2. require() /home/cclosh/SVN/cc/todo/public/index.php:8
[07-May-2018 11:17:23 UTC] PHP   3. Fast->run() /home/cclosh/SVN/cc/todo/fastphp/fastphp.php:20
[07-May-2018 11:17:23 UTC] PHP   4. Fast->removeMagicQuotes() /home/cclosh/SVN/cc/todo/fastphp/core.php:9
[07-May-2018 11:17:23 UTC] PHP   5. addslashes() /home/cclosh/SVN/cc/todo/fastphp/core.php:48
[07-May-2018 11:17:23 UTC] PHP Warning:  addslashes() expects exactly 1 parameter, 0 given in /home/cclosh/SVN/cc/todo/fastphp/core.php on line 48
[07-May-2018 11:17:23 UTC] PHP Stack trace:
[07-May-2018 11:17:23 UTC] PHP   1. {main}() /home/cclosh/SVN/cc/todo/public/index.php:0
[07-May-2018 11:17:23 UTC] PHP   2. require() /home/cclosh/SVN/cc/todo/public/index.php:8
[07-May-2018 11:17:23 UTC] PHP   3. Fast->run() /home/cclosh/SVN/cc/todo/fastphp/fastphp.php:20
[07-May-2018 11:17:23 UTC] PHP   4. Fast->removeMagicQuotes() /home/cclosh/SVN/cc/todo/fastphp/core.php:9
[07-May-2018 11:17:23 UTC] PHP   5. addslashes() /home/cclosh/SVN/cc/todo/fastphp/core.php:48
[07-May-2018 11:18:23 UTC] PHP Warning:  addslashes() expects exactly 1 parameter, 0 given in /home/cclosh/SVN/cc/todo/fastphp/core.php on line 46
[07-May-2018 11:18:23 UTC] PHP Stack trace:
[07-May-2018 11:18:23 UTC] PHP   1. {main}() /home/cclosh/SVN/cc/todo/public/index.php:0
[07-May-2018 11:18:23 UTC] PHP   2. require() /home/cclosh/SVN/cc/todo/public/index.php:8
[07-May-2018 11:18:23 UTC] PHP   3. Fast->run() /home/cclosh/SVN/cc/todo/fastphp/fastphp.php:20
[07-May-2018 11:18:23 UTC] PHP   4. Fast->removeMagicQuotes() /home/cclosh/SVN/cc/todo/fastphp/core.php:9
[07-May-2018 11:18:23 UTC] PHP   5. addslashes() /home/cclosh/SVN/cc/todo/fastphp/core.php:46
[07-May-2018 11:18:23 UTC] PHP Warning:  addslashes() expects exactly 1 parameter, 0 given in /home/cclosh/SVN/cc/todo/fastphp/core.php on line 46
[07-May-2018 11:18:23 UTC] PHP Stack trace:
[07-May-2018 11:18:23 UTC] PHP   1. {main}() /home/cclosh/SVN/cc/todo/public/index.php:0
[07-May-2018 11:18:23 UTC] PHP   2. require() /home/cclosh/SVN/cc/todo/public/index.php:8
[07-May-2018 11:18:23 UTC] PHP   3. Fast->run() /home/cclosh/SVN/cc/todo/fastphp/fastphp.php:20
[07-May-2018 11:18:23 UTC] PHP   4. Fast->removeMagicQuotes() /home/cclosh/SVN/cc/todo/fastphp/core.php:9
[07-May-2018 11:18:23 UTC] PHP   5. addslashes() /home/cclosh/SVN/cc/todo/fastphp/core.php:46
[07-May-2018 11:18:44 UTC] PHP Warning:  addslashes() expects exactly 1 parameter, 0 given in /home/cclosh/SVN/cc/todo/fastphp/core.php on line 48
[07-May-2018 11:18:44 UTC] PHP Stack trace:
[07-May-2018 11:18:44 UTC] PHP   1. {main}() /home/cclosh/SVN/cc/todo/public/index.php:0
[07-May-2018 11:18:44 UTC] PHP   2. require() /home/cclosh/SVN/cc/todo/public/index.php:8
[07-May-2018 11:18:44 UTC] PHP   3. Fast->run() /home/cclosh/SVN/cc/todo/fastphp/fastphp.php:20
[07-May-2018 11:18:44 UTC] PHP   4. Fast->removeMagicQuotes() /home/cclosh/SVN/cc/todo/fastphp/core.php:9
[07-May-2018 11:18:44 UTC] PHP   5. addslashes() /home/cclosh/SVN/cc/todo/fastphp/core.php:48
[07-May-2018 11:18:44 UTC] PHP Warning:  addslashes() expects exactly 1 parameter, 0 given in /home/cclosh/SVN/cc/todo/fastphp/core.php on line 48
[07-May-2018 11:18:44 UTC] PHP Stack trace:
[07-May-2018 11:18:44 UTC] PHP   1. {main}() /home/cclosh/SVN/cc/todo/public/index.php:0
[07-May-2018 11:18:44 UTC] PHP   2. require() /home/cclosh/SVN/cc/todo/public/index.php:8
[07-May-2018 11:18:44 UTC] PHP   3. Fast->run() /home/cclosh/SVN/cc/todo/fastphp/fastphp.php:20
[07-May-2018 11:18:44 UTC] PHP   4. Fast->removeMagicQuotes() /home/cclosh/SVN/cc/todo/fastphp/core.php:9
[07-May-2018 11:18:44 UTC] PHP   5. addslashes() /home/cclosh/SVN/cc/todo/fastphp/core.php:48
[07-May-2018 11:18:51 UTC] PHP Warning:  addslashes() expects exactly 1 parameter, 0 given in /home/cclosh/SVN/cc/todo/fastphp/core.php on line 48
[07-May-2018 11:18:51 UTC] PHP Stack trace:
[07-May-2018 11:18:51 UTC] PHP   1. {main}() /home/cclosh/SVN/cc/todo/public/index.php:0
[07-May-2018 11:18:51 UTC] PHP   2. require() /home/cclosh/SVN/cc/todo/public/index.php:8
[07-May-2018 11:18:51 UTC] PHP   3. Fast->run() /home/cclosh/SVN/cc/todo/fastphp/fastphp.php:20
[07-May-2018 11:18:51 UTC] PHP   4. Fast->removeMagicQuotes() /home/cclosh/SVN/cc/todo/fastphp/core.php:9
[07-May-2018 11:18:51 UTC] PHP   5. addslashes() /home/cclosh/SVN/cc/todo/fastphp/core.php:48
[07-May-2018 11:18:51 UTC] PHP Warning:  addslashes() expects exactly 1 parameter, 0 given in /home/cclosh/SVN/cc/todo/fastphp/core.php on line 48
[07-May-2018 11:18:51 UTC] PHP Stack trace:
[07-May-2018 11:18:51 UTC] PHP   1. {main}() /home/cclosh/SVN/cc/todo/public/index.php:0
[07-May-2018 11:18:51 UTC] PHP   2. require() /home/cclosh/SVN/cc/todo/public/index.php:8
[07-May-2018 11:18:51 UTC] PHP   3. Fast->run() /home/cclosh/SVN/cc/todo/fastphp/fastphp.php:20
[07-May-2018 11:18:51 UTC] PHP   4. Fast->removeMagicQuotes() /home/cclosh/SVN/cc/todo/fastphp/core.php:9
[07-May-2018 11:18:51 UTC] PHP   5. addslashes() /home/cclosh/SVN/cc/todo/fastphp/core.php:48
[07-May-2018 11:18:59 UTC] PHP Warning:  addslashes() expects exactly 1 parameter, 0 given in /home/cclosh/SVN/cc/todo/fastphp/core.php on line 48
[07-May-2018 11:18:59 UTC] PHP Stack trace:
[07-May-2018 11:18:59 UTC] PHP   1. {main}() /home/cclosh/SVN/cc/todo/public/index.php:0
[07-May-2018 11:18:59 UTC] PHP   2. require() /home/cclosh/SVN/cc/todo/public/index.php:8
[07-May-2018 11:18:59 UTC] PHP   3. Fast->run() /home/cclosh/SVN/cc/todo/fastphp/fastphp.php:20
[07-May-2018 11:18:59 UTC] PHP   4. Fast->removeMagicQuotes() /home/cclosh/SVN/cc/todo/fastphp/core.php:9
[07-May-2018 11:18:59 UTC] PHP   5. addslashes() /home/cclosh/SVN/cc/todo/fastphp/core.php:48
[07-May-2018 11:18:59 UTC] PHP Fatal error:  Uncaught Error: Call to undefined function dump() in /home/cclosh/SVN/cc/todo/fastphp/core.php:13
Stack trace:
#0 /home/cclosh/SVN/cc/todo/fastphp/fastphp.php(20): Fast->run()
#1 /home/cclosh/SVN/cc/todo/public/index.php(8): require('/home/cclosh/SV...')
#2 {main}
  thrown in /home/cclosh/SVN/cc/todo/fastphp/core.php on line 13
[07-May-2018 11:19:04 UTC] PHP Warning:  addslashes() expects exactly 1 parameter, 0 given in /home/cclosh/SVN/cc/todo/fastphp/core.php on line 48
[07-May-2018 11:19:04 UTC] PHP Stack trace:
[07-May-2018 11:19:04 UTC] PHP   1. {main}() /home/cclosh/SVN/cc/todo/public/index.php:0
[07-May-2018 11:19:04 UTC] PHP   2. require() /home/cclosh/SVN/cc/todo/public/index.php:8
[07-May-2018 11:19:04 UTC] PHP   3. Fast->run() /home/cclosh/SVN/cc/todo/fastphp/fastphp.php:20
[07-May-2018 11:19:04 UTC] PHP   4. Fast->removeMagicQuotes() /home/cclosh/SVN/cc/todo/fastphp/core.php:9
[07-May-2018 11:19:04 UTC] PHP   5. addslashes() /home/cclosh/SVN/cc/todo/fastphp/core.php:48
[07-May-2018 11:19:04 UTC] PHP Warning:  addslashes() expects exactly 1 parameter, 0 given in /home/cclosh/SVN/cc/todo/fastphp/core.php on line 48
[07-May-2018 11:19:04 UTC] PHP Stack trace:
[07-May-2018 11:19:04 UTC] PHP   1. {main}() /home/cclosh/SVN/cc/todo/public/index.php:0
[07-May-2018 11:19:04 UTC] PHP   2. require() /home/cclosh/SVN/cc/todo/public/index.php:8
[07-May-2018 11:19:04 UTC] PHP   3. Fast->run() /home/cclosh/SVN/cc/todo/fastphp/fastphp.php:20
[07-May-2018 11:19:04 UTC] PHP   4. Fast->removeMagicQuotes() /home/cclosh/SVN/cc/todo/fastphp/core.php:9
[07-May-2018 11:19:04 UTC] PHP   5. addslashes() /home/cclosh/SVN/cc/todo/fastphp/core.php:48
