[08-May-2018 02:38:24 UTC] PHP Warning:  addslashes() expects exactly 1 parameter, 0 given in /home/cclosh/SVN/cc/todo/fastphp/core.php on line 49
[08-May-2018 02:38:24 UTC] PHP Stack trace:
[08-May-2018 02:38:24 UTC] PHP   1. {main}() /home/cclosh/SVN/cc/todo/public/index.php:0
[08-May-2018 02:38:24 UTC] PHP   2. require() /home/cclosh/SVN/cc/todo/public/index.php:8
[08-May-2018 02:38:24 UTC] PHP   3. Fast->run() /home/cclosh/SVN/cc/todo/fastphp/fastphp.php:23
[08-May-2018 02:38:24 UTC] PHP   4. Fast->removeMagicQuotes() /home/cclosh/SVN/cc/todo/fastphp/core.php:9
[08-May-2018 02:38:24 UTC] PHP   5. addslashes() /home/cclosh/SVN/cc/todo/fastphp/core.php:49
[08-May-2018 02:38:25 UTC] PHP Warning:  addslashes() expects exactly 1 parameter, 0 given in /home/cclosh/SVN/cc/todo/fastphp/core.php on line 49
[08-May-2018 02:38:25 UTC] PHP Stack trace:
[08-May-2018 02:38:25 UTC] PHP   1. {main}() /home/cclosh/SVN/cc/todo/public/index.php:0
[08-May-2018 02:38:25 UTC] PHP   2. require() /home/cclosh/SVN/cc/todo/public/index.php:8
[08-May-2018 02:38:25 UTC] PHP   3. Fast->run() /home/cclosh/SVN/cc/todo/fastphp/fastphp.php:23
[08-May-2018 02:38:25 UTC] PHP   4. Fast->removeMagicQuotes() /home/cclosh/SVN/cc/todo/fastphp/core.php:9
[08-May-2018 02:38:25 UTC] PHP   5. addslashes() /home/cclosh/SVN/cc/todo/fastphp/core.php:49
[08-May-2018 02:38:43 UTC] PHP Warning:  addslashes() expects exactly 1 parameter, 0 given in /home/cclosh/SVN/cc/todo/fastphp/core.php on line 49
[08-May-2018 02:38:43 UTC] PHP Stack trace:
[08-May-2018 02:38:43 UTC] PHP   1. {main}() /home/cclosh/SVN/cc/todo/public/index.php:0
[08-May-2018 02:38:43 UTC] PHP   2. require() /home/cclosh/SVN/cc/todo/public/index.php:8
[08-May-2018 02:38:43 UTC] PHP   3. Fast->run() /home/cclosh/SVN/cc/todo/fastphp/fastphp.php:23
[08-May-2018 02:38:43 UTC] PHP   4. Fast->removeMagicQuotes() /home/cclosh/SVN/cc/todo/fastphp/core.php:9
[08-May-2018 02:38:43 UTC] PHP   5. addslashes() /home/cclosh/SVN/cc/todo/fastphp/core.php:49
[08-May-2018 02:38:43 UTC] PHP Warning:  addslashes() expects exactly 1 parameter, 0 given in /home/cclosh/SVN/cc/todo/fastphp/core.php on line 49
[08-May-2018 02:38:43 UTC] PHP Stack trace:
[08-May-2018 02:38:43 UTC] PHP   1. {main}() /home/cclosh/SVN/cc/todo/public/index.php:0
[08-May-2018 02:38:43 UTC] PHP   2. require() /home/cclosh/SVN/cc/todo/public/index.php:8
[08-May-2018 02:38:43 UTC] PHP   3. Fast->run() /home/cclosh/SVN/cc/todo/fastphp/fastphp.php:23
[08-May-2018 02:38:43 UTC] PHP   4. Fast->removeMagicQuotes() /home/cclosh/SVN/cc/todo/fastphp/core.php:9
[08-May-2018 02:38:43 UTC] PHP   5. addslashes() /home/cclosh/SVN/cc/todo/fastphp/core.php:49
[08-May-2018 02:39:05 UTC] PHP Warning:  addslashes() expects exactly 1 parameter, 0 given in /home/cclosh/SVN/cc/todo/fastphp/core.php on line 49
[08-May-2018 02:39:05 UTC] PHP Stack trace:
[08-May-2018 02:39:05 UTC] PHP   1. {main}() /home/cclosh/SVN/cc/todo/public/index.php:0
[08-May-2018 02:39:05 UTC] PHP   2. require() /home/cclosh/SVN/cc/todo/public/index.php:8
[08-May-2018 02:39:05 UTC] PHP   3. Fast->run() /home/cclosh/SVN/cc/todo/fastphp/fastphp.php:23
[08-May-2018 02:39:05 UTC] PHP   4. Fast->removeMagicQuotes() /home/cclosh/SVN/cc/todo/fastphp/core.php:9
[08-May-2018 02:39:05 UTC] PHP   5. addslashes() /home/cclosh/SVN/cc/todo/fastphp/core.php:49
[08-May-2018 02:39:05 UTC] PHP Warning:  addslashes() expects exactly 1 parameter, 0 given in /home/cclosh/SVN/cc/todo/fastphp/core.php on line 49
[08-May-2018 02:39:05 UTC] PHP Stack trace:
[08-May-2018 02:39:05 UTC] PHP   1. {main}() /home/cclosh/SVN/cc/todo/public/index.php:0
[08-May-2018 02:39:05 UTC] PHP   2. require() /home/cclosh/SVN/cc/todo/public/index.php:8
[08-May-2018 02:39:05 UTC] PHP   3. Fast->run() /home/cclosh/SVN/cc/todo/fastphp/fastphp.php:23
[08-May-2018 02:39:05 UTC] PHP   4. Fast->removeMagicQuotes() /home/cclosh/SVN/cc/todo/fastphp/core.php:9
[08-May-2018 02:39:05 UTC] PHP   5. addslashes() /home/cclosh/SVN/cc/todo/fastphp/core.php:49
[08-May-2018 02:39:09 UTC] PHP Warning:  addslashes() expects exactly 1 parameter, 0 given in /home/cclosh/SVN/cc/todo/fastphp/core.php on line 49
[08-May-2018 02:39:09 UTC] PHP Stack trace:
[08-May-2018 02:39:09 UTC] PHP   1. {main}() /home/cclosh/SVN/cc/todo/public/index.php:0
[08-May-2018 02:39:09 UTC] PHP   2. require() /home/cclosh/SVN/cc/todo/public/index.php:8
[08-May-2018 02:39:09 UTC] PHP   3. Fast->run() /home/cclosh/SVN/cc/todo/fastphp/fastphp.php:23
[08-May-2018 02:39:09 UTC] PHP   4. Fast->removeMagicQuotes() /home/cclosh/SVN/cc/todo/fastphp/core.php:9
[08-May-2018 02:39:09 UTC] PHP   5. addslashes() /home/cclosh/SVN/cc/todo/fastphp/core.php:49
[08-May-2018 02:39:09 UTC] PHP Warning:  addslashes() expects exactly 1 parameter, 0 given in /home/cclosh/SVN/cc/todo/fastphp/core.php on line 49
[08-May-2018 02:39:09 UTC] PHP Stack trace:
[08-May-2018 02:39:09 UTC] PHP   1. {main}() /home/cclosh/SVN/cc/todo/public/index.php:0
[08-May-2018 02:39:09 UTC] PHP   2. require() /home/cclosh/SVN/cc/todo/public/index.php:8
[08-May-2018 02:39:09 UTC] PHP   3. Fast->run() /home/cclosh/SVN/cc/todo/fastphp/fastphp.php:23
[08-May-2018 02:39:09 UTC] PHP   4. Fast->removeMagicQuotes() /home/cclosh/SVN/cc/todo/fastphp/core.php:9
[08-May-2018 02:39:09 UTC] PHP   5. addslashes() /home/cclosh/SVN/cc/todo/fastphp/core.php:49
[08-May-2018 02:41:03 UTC] PHP Warning:  addslashes() expects exactly 1 parameter, 0 given in /home/cclosh/SVN/cc/todo/fastphp/core.php on line 47
[08-May-2018 02:41:03 UTC] PHP Stack trace:
[08-May-2018 02:41:03 UTC] PHP   1. {main}() /home/cclosh/SVN/cc/todo/public/index.php:0
[08-May-2018 02:41:03 UTC] PHP   2. require() /home/cclosh/SVN/cc/todo/public/index.php:8
[08-May-2018 02:41:03 UTC] PHP   3. Fast->run() /home/cclosh/SVN/cc/todo/fastphp/fastphp.php:25
[08-May-2018 02:41:03 UTC] PHP   4. Fast->removeMagicQuotes() /home/cclosh/SVN/cc/todo/fastphp/core.php:9
[08-May-2018 02:41:03 UTC] PHP   5. addslashes() /home/cclosh/SVN/cc/todo/fastphp/core.php:47
[08-May-2018 02:41:03 UTC] PHP Warning:  addslashes() expects exactly 1 parameter, 0 given in /home/cclosh/SVN/cc/todo/fastphp/core.php on line 47
[08-May-2018 02:41:03 UTC] PHP Stack trace:
[08-May-2018 02:41:03 UTC] PHP   1. {main}() /home/cclosh/SVN/cc/todo/public/index.php:0
[08-May-2018 02:41:03 UTC] PHP   2. require() /home/cclosh/SVN/cc/todo/public/index.php:8
[08-May-2018 02:41:03 UTC] PHP   3. Fast->run() /home/cclosh/SVN/cc/todo/fastphp/fastphp.php:25
[08-May-2018 02:41:03 UTC] PHP   4. Fast->removeMagicQuotes() /home/cclosh/SVN/cc/todo/fastphp/core.php:9
[08-May-2018 02:41:03 UTC] PHP   5. addslashes() /home/cclosh/SVN/cc/todo/fastphp/core.php:47
[08-May-2018 02:41:04 UTC] PHP Warning:  addslashes() expects exactly 1 parameter, 0 given in /home/cclosh/SVN/cc/todo/fastphp/core.php on line 47
[08-May-2018 02:41:04 UTC] PHP Stack trace:
[08-May-2018 02:41:04 UTC] PHP   1. {main}() /home/cclosh/SVN/cc/todo/public/index.php:0
[08-May-2018 02:41:04 UTC] PHP   2. require() /home/cclosh/SVN/cc/todo/public/index.php:8
[08-May-2018 02:41:04 UTC] PHP   3. Fast->run() /home/cclosh/SVN/cc/todo/fastphp/fastphp.php:25
[08-May-2018 02:41:04 UTC] PHP   4. Fast->removeMagicQuotes() /home/cclosh/SVN/cc/todo/fastphp/core.php:9
[08-May-2018 02:41:04 UTC] PHP   5. addslashes() /home/cclosh/SVN/cc/todo/fastphp/core.php:47
[08-May-2018 02:41:04 UTC] PHP Warning:  addslashes() expects exactly 1 parameter, 0 given in /home/cclosh/SVN/cc/todo/fastphp/core.php on line 47
[08-May-2018 02:41:04 UTC] PHP Stack trace:
[08-May-2018 02:41:04 UTC] PHP   1. {main}() /home/cclosh/SVN/cc/todo/public/index.php:0
[08-May-2018 02:41:04 UTC] PHP   2. require() /home/cclosh/SVN/cc/todo/public/index.php:8
[08-May-2018 02:41:04 UTC] PHP   3. Fast->run() /home/cclosh/SVN/cc/todo/fastphp/fastphp.php:25
[08-May-2018 02:41:04 UTC] PHP   4. Fast->removeMagicQuotes() /home/cclosh/SVN/cc/todo/fastphp/core.php:9
[08-May-2018 02:41:04 UTC] PHP   5. addslashes() /home/cclosh/SVN/cc/todo/fastphp/core.php:47
[08-May-2018 02:41:04 UTC] PHP Warning:  addslashes() expects exactly 1 parameter, 0 given in /home/cclosh/SVN/cc/todo/fastphp/core.php on line 47
[08-May-2018 02:41:04 UTC] PHP Stack trace:
[08-May-2018 02:41:04 UTC] PHP   1. {main}() /home/cclosh/SVN/cc/todo/public/index.php:0
[08-May-2018 02:41:04 UTC] PHP   2. require() /home/cclosh/SVN/cc/todo/public/index.php:8
[08-May-2018 02:41:04 UTC] PHP   3. Fast->run() /home/cclosh/SVN/cc/todo/fastphp/fastphp.php:25
[08-May-2018 02:41:04 UTC] PHP   4. Fast->removeMagicQuotes() /home/cclosh/SVN/cc/todo/fastphp/core.php:9
[08-May-2018 02:41:04 UTC] PHP   5. addslashes() /home/cclosh/SVN/cc/todo/fastphp/core.php:47
[08-May-2018 02:41:04 UTC] PHP Warning:  addslashes() expects exactly 1 parameter, 0 given in /home/cclosh/SVN/cc/todo/fastphp/core.php on line 47
[08-May-2018 02:41:04 UTC] PHP Stack trace:
[08-May-2018 02:41:04 UTC] PHP   1. {main}() /home/cclosh/SVN/cc/todo/public/index.php:0
[08-May-2018 02:41:04 UTC] PHP   2. require() /home/cclosh/SVN/cc/todo/public/index.php:8
[08-May-2018 02:41:04 UTC] PHP   3. Fast->run() /home/cclosh/SVN/cc/todo/fastphp/fastphp.php:25
[08-May-2018 02:41:04 UTC] PHP   4. Fast->removeMagicQuotes() /home/cclosh/SVN/cc/todo/fastphp/core.php:9
[08-May-2018 02:41:04 UTC] PHP   5. addslashes() /home/cclosh/SVN/cc/todo/fastphp/core.php:47
[08-May-2018 02:41:05 UTC] PHP Warning:  addslashes() expects exactly 1 parameter, 0 given in /home/cclosh/SVN/cc/todo/fastphp/core.php on line 47
[08-May-2018 02:41:05 UTC] PHP Stack trace:
[08-May-2018 02:41:05 UTC] PHP   1. {main}() /home/cclosh/SVN/cc/todo/public/index.php:0
[08-May-2018 02:41:05 UTC] PHP   2. require() /home/cclosh/SVN/cc/todo/public/index.php:8
[08-May-2018 02:41:05 UTC] PHP   3. Fast->run() /home/cclosh/SVN/cc/todo/fastphp/fastphp.php:25
[08-May-2018 02:41:05 UTC] PHP   4. Fast->removeMagicQuotes() /home/cclosh/SVN/cc/todo/fastphp/core.php:9
[08-May-2018 02:41:05 UTC] PHP   5. addslashes() /home/cclosh/SVN/cc/todo/fastphp/core.php:47
[08-May-2018 02:41:05 UTC] PHP Warning:  addslashes() expects exactly 1 parameter, 0 given in /home/cclosh/SVN/cc/todo/fastphp/core.php on line 47
[08-May-2018 02:41:05 UTC] PHP Stack trace:
[08-May-2018 02:41:05 UTC] PHP   1. {main}() /home/cclosh/SVN/cc/todo/public/index.php:0
[08-May-2018 02:41:05 UTC] PHP   2. require() /home/cclosh/SVN/cc/todo/public/index.php:8
[08-May-2018 02:41:05 UTC] PHP   3. Fast->run() /home/cclosh/SVN/cc/todo/fastphp/fastphp.php:25
[08-May-2018 02:41:05 UTC] PHP   4. Fast->removeMagicQuotes() /home/cclosh/SVN/cc/todo/fastphp/core.php:9
[08-May-2018 02:41:05 UTC] PHP   5. addslashes() /home/cclosh/SVN/cc/todo/fastphp/core.php:47
[08-May-2018 02:42:26 UTC] PHP Warning:  addslashes() expects exactly 1 parameter, 0 given in /home/cclosh/SVN/cc/todo/fastphp/core.php on line 47
[08-May-2018 02:42:26 UTC] PHP Stack trace:
[08-May-2018 02:42:26 UTC] PHP   1. {main}() /home/cclosh/SVN/cc/todo/public/index.php:0
[08-May-2018 02:42:26 UTC] PHP   2. require() /home/cclosh/SVN/cc/todo/public/index.php:8
[08-May-2018 02:42:26 UTC] PHP   3. Fast->run() /home/cclosh/SVN/cc/todo/fastphp/fastphp.php:26
[08-May-2018 02:42:26 UTC] PHP   4. Fast->removeMagicQuotes() /home/cclosh/SVN/cc/todo/fastphp/core.php:9
[08-May-2018 02:42:26 UTC] PHP   5. addslashes() /home/cclosh/SVN/cc/todo/fastphp/core.php:47
[08-May-2018 02:42:26 UTC] PHP Warning:  addslashes() expects exactly 1 parameter, 0 given in /home/cclosh/SVN/cc/todo/fastphp/core.php on line 47
[08-May-2018 02:42:26 UTC] PHP Stack trace:
[08-May-2018 02:42:26 UTC] PHP   1. {main}() /home/cclosh/SVN/cc/todo/public/index.php:0
[08-May-2018 02:42:26 UTC] PHP   2. require() /home/cclosh/SVN/cc/todo/public/index.php:8
[08-May-2018 02:42:26 UTC] PHP   3. Fast->run() /home/cclosh/SVN/cc/todo/fastphp/fastphp.php:26
[08-May-2018 02:42:26 UTC] PHP   4. Fast->removeMagicQuotes() /home/cclosh/SVN/cc/todo/fastphp/core.php:9
[08-May-2018 02:42:26 UTC] PHP   5. addslashes() /home/cclosh/SVN/cc/todo/fastphp/core.php:47
[08-May-2018 02:42:45 UTC] PHP Warning:  addslashes() expects exactly 1 parameter, 0 given in /home/cclosh/SVN/cc/todo/fastphp/core.php on line 47
[08-May-2018 02:42:45 UTC] PHP Stack trace:
[08-May-2018 02:42:45 UTC] PHP   1. {main}() /home/cclosh/SVN/cc/todo/public/index.php:0
[08-May-2018 02:42:45 UTC] PHP   2. require() /home/cclosh/SVN/cc/todo/public/index.php:8
[08-May-2018 02:42:45 UTC] PHP   3. Fast->run() /home/cclosh/SVN/cc/todo/fastphp/fastphp.php:26
[08-May-2018 02:42:45 UTC] PHP   4. Fast->removeMagicQuotes() /home/cclosh/SVN/cc/todo/fastphp/core.php:9
[08-May-2018 02:42:45 UTC] PHP   5. addslashes() /home/cclosh/SVN/cc/todo/fastphp/core.php:47
[08-May-2018 02:42:45 UTC] PHP Warning:  addslashes() expects exactly 1 parameter, 0 given in /home/cclosh/SVN/cc/todo/fastphp/core.php on line 47
[08-May-2018 02:42:45 UTC] PHP Stack trace:
[08-May-2018 02:42:45 UTC] PHP   1. {main}() /home/cclosh/SVN/cc/todo/public/index.php:0
[08-May-2018 02:42:45 UTC] PHP   2. require() /home/cclosh/SVN/cc/todo/public/index.php:8
[08-May-2018 02:42:45 UTC] PHP   3. Fast->run() /home/cclosh/SVN/cc/todo/fastphp/fastphp.php:26
[08-May-2018 02:42:45 UTC] PHP   4. Fast->removeMagicQuotes() /home/cclosh/SVN/cc/todo/fastphp/core.php:9
[08-May-2018 02:42:45 UTC] PHP   5. addslashes() /home/cclosh/SVN/cc/todo/fastphp/core.php:47
[08-May-2018 02:42:46 UTC] PHP Warning:  addslashes() expects exactly 1 parameter, 0 given in /home/cclosh/SVN/cc/todo/fastphp/core.php on line 47
[08-May-2018 02:42:46 UTC] PHP Stack trace:
[08-May-2018 02:42:46 UTC] PHP   1. {main}() /home/cclosh/SVN/cc/todo/public/index.php:0
[08-May-2018 02:42:46 UTC] PHP   2. require() /home/cclosh/SVN/cc/todo/public/index.php:8
[08-May-2018 02:42:46 UTC] PHP   3. Fast->run() /home/cclosh/SVN/cc/todo/fastphp/fastphp.php:26
[08-May-2018 02:42:46 UTC] PHP   4. Fast->removeMagicQuotes() /home/cclosh/SVN/cc/todo/fastphp/core.php:9
[08-May-2018 02:42:46 UTC] PHP   5. addslashes() /home/cclosh/SVN/cc/todo/fastphp/core.php:47
[08-May-2018 02:42:46 UTC] PHP Warning:  addslashes() expects exactly 1 parameter, 0 given in /home/cclosh/SVN/cc/todo/fastphp/core.php on line 47
[08-May-2018 02:42:46 UTC] PHP Stack trace:
[08-May-2018 02:42:46 UTC] PHP   1. {main}() /home/cclosh/SVN/cc/todo/public/index.php:0
[08-May-2018 02:42:46 UTC] PHP   2. require() /home/cclosh/SVN/cc/todo/public/index.php:8
[08-May-2018 02:42:46 UTC] PHP   3. Fast->run() /home/cclosh/SVN/cc/todo/fastphp/fastphp.php:26
[08-May-2018 02:42:46 UTC] PHP   4. Fast->removeMagicQuotes() /home/cclosh/SVN/cc/todo/fastphp/core.php:9
[08-May-2018 02:42:46 UTC] PHP   5. addslashes() /home/cclosh/SVN/cc/todo/fastphp/core.php:47
[08-May-2018 02:44:23 UTC] PHP Warning:  addslashes() expects exactly 1 parameter, 0 given in /home/cclosh/SVN/cc/todo/fastphp/core.php on line 47
[08-May-2018 02:44:23 UTC] PHP Stack trace:
[08-May-2018 02:44:23 UTC] PHP   1. {main}() /home/cclosh/SVN/cc/todo/public/index.php:0
[08-May-2018 02:44:23 UTC] PHP   2. require() /home/cclosh/SVN/cc/todo/public/index.php:8
[08-May-2018 02:44:23 UTC] PHP   3. Fast->run() /home/cclosh/SVN/cc/todo/fastphp/fastphp.php:28
[08-May-2018 02:44:23 UTC] PHP   4. Fast->removeMagicQuotes() /home/cclosh/SVN/cc/todo/fastphp/core.php:9
[08-May-2018 02:44:23 UTC] PHP   5. addslashes() /home/cclosh/SVN/cc/todo/fastphp/core.php:47
[08-May-2018 02:44:23 UTC] PHP Warning:  addslashes() expects exactly 1 parameter, 0 given in /home/cclosh/SVN/cc/todo/fastphp/core.php on line 47
[08-May-2018 02:44:23 UTC] PHP Stack trace:
[08-May-2018 02:44:23 UTC] PHP   1. {main}() /home/cclosh/SVN/cc/todo/public/index.php:0
[08-May-2018 02:44:23 UTC] PHP   2. require() /home/cclosh/SVN/cc/todo/public/index.php:8
[08-May-2018 02:44:23 UTC] PHP   3. Fast->run() /home/cclosh/SVN/cc/todo/fastphp/fastphp.php:28
[08-May-2018 02:44:23 UTC] PHP   4. Fast->removeMagicQuotes() /home/cclosh/SVN/cc/todo/fastphp/core.php:9
[08-May-2018 02:44:23 UTC] PHP   5. addslashes() /home/cclosh/SVN/cc/todo/fastphp/core.php:47
[08-May-2018 02:47:09 UTC] PHP Warning:  addslashes() expects exactly 1 parameter, 0 given in /home/cclosh/SVN/cc/todo/fastphp/core.php on line 47
[08-May-2018 02:47:09 UTC] PHP Stack trace:
[08-May-2018 02:47:09 UTC] PHP   1. {main}() /home/cclosh/SVN/cc/todo/public/index.php:0
[08-May-2018 02:47:09 UTC] PHP   2. require() /home/cclosh/SVN/cc/todo/public/index.php:8
[08-May-2018 02:47:09 UTC] PHP   3. Fast->run() /home/cclosh/SVN/cc/todo/fastphp/fastphp.php:28
[08-May-2018 02:47:09 UTC] PHP   4. Fast->removeMagicQuotes() /home/cclosh/SVN/cc/todo/fastphp/core.php:9
[08-May-2018 02:47:09 UTC] PHP   5. addslashes() /home/cclosh/SVN/cc/todo/fastphp/core.php:47
[08-May-2018 02:47:09 UTC] PHP Warning:  addslashes() expects exactly 1 parameter, 0 given in /home/cclosh/SVN/cc/todo/fastphp/core.php on line 47
[08-May-2018 02:47:09 UTC] PHP Stack trace:
[08-May-2018 02:47:09 UTC] PHP   1. {main}() /home/cclosh/SVN/cc/todo/public/index.php:0
[08-May-2018 02:47:09 UTC] PHP   2. require() /home/cclosh/SVN/cc/todo/public/index.php:8
[08-May-2018 02:47:09 UTC] PHP   3. Fast->run() /home/cclosh/SVN/cc/todo/fastphp/fastphp.php:28
[08-May-2018 02:47:09 UTC] PHP   4. Fast->removeMagicQuotes() /home/cclosh/SVN/cc/todo/fastphp/core.php:9
[08-May-2018 02:47:09 UTC] PHP   5. addslashes() /home/cclosh/SVN/cc/todo/fastphp/core.php:47
[08-May-2018 02:48:48 UTC] PHP Warning:  addslashes() expects exactly 1 parameter, 0 given in /home/cclosh/SVN/cc/todo/fastphp/core.php on line 47
[08-May-2018 02:48:48 UTC] PHP Stack trace:
[08-May-2018 02:48:48 UTC] PHP   1. {main}() /home/cclosh/SVN/cc/todo/public/index.php:0
[08-May-2018 02:48:48 UTC] PHP   2. require() /home/cclosh/SVN/cc/todo/public/index.php:8
[08-May-2018 02:48:48 UTC] PHP   3. Fast->run() /home/cclosh/SVN/cc/todo/fastphp/fastphp.php:28
[08-May-2018 02:48:48 UTC] PHP   4. Fast->removeMagicQuotes() /home/cclosh/SVN/cc/todo/fastphp/core.php:9
[08-May-2018 02:48:48 UTC] PHP   5. addslashes() /home/cclosh/SVN/cc/todo/fastphp/core.php:47
[08-May-2018 02:48:48 UTC] PHP Warning:  addslashes() expects exactly 1 parameter, 0 given in /home/cclosh/SVN/cc/todo/fastphp/core.php on line 47
[08-May-2018 02:48:48 UTC] PHP Stack trace:
[08-May-2018 02:48:48 UTC] PHP   1. {main}() /home/cclosh/SVN/cc/todo/public/index.php:0
[08-May-2018 02:48:48 UTC] PHP   2. require() /home/cclosh/SVN/cc/todo/public/index.php:8
[08-May-2018 02:48:48 UTC] PHP   3. Fast->run() /home/cclosh/SVN/cc/todo/fastphp/fastphp.php:28
[08-May-2018 02:48:48 UTC] PHP   4. Fast->removeMagicQuotes() /home/cclosh/SVN/cc/todo/fastphp/core.php:9
[08-May-2018 02:48:48 UTC] PHP   5. addslashes() /home/cclosh/SVN/cc/todo/fastphp/core.php:47
[08-May-2018 02:50:23 UTC] PHP Warning:  addslashes() expects exactly 1 parameter, 0 given in /home/cclosh/SVN/cc/todo/fastphp/core.php on line 47
[08-May-2018 02:50:23 UTC] PHP Stack trace:
[08-May-2018 02:50:23 UTC] PHP   1. {main}() /home/cclosh/SVN/cc/todo/public/index.php:0
[08-May-2018 02:50:23 UTC] PHP   2. require() /home/cclosh/SVN/cc/todo/public/index.php:8
[08-May-2018 02:50:23 UTC] PHP   3. Fast->run() /home/cclosh/SVN/cc/todo/fastphp/fastphp.php:28
[08-May-2018 02:50:23 UTC] PHP   4. Fast->removeMagicQuotes() /home/cclosh/SVN/cc/todo/fastphp/core.php:9
[08-May-2018 02:50:23 UTC] PHP   5. addslashes() /home/cclosh/SVN/cc/todo/fastphp/core.php:47
[08-May-2018 02:50:23 UTC] PHP Warning:  addslashes() expects exactly 1 parameter, 0 given in /home/cclosh/SVN/cc/todo/fastphp/core.php on line 47
[08-May-2018 02:50:23 UTC] PHP Stack trace:
[08-May-2018 02:50:23 UTC] PHP   1. {main}() /home/cclosh/SVN/cc/todo/public/index.php:0
[08-May-2018 02:50:23 UTC] PHP   2. require() /home/cclosh/SVN/cc/todo/public/index.php:8
[08-May-2018 02:50:23 UTC] PHP   3. Fast->run() /home/cclosh/SVN/cc/todo/fastphp/fastphp.php:28
[08-May-2018 02:50:23 UTC] PHP   4. Fast->removeMagicQuotes() /home/cclosh/SVN/cc/todo/fastphp/core.php:9
[08-May-2018 02:50:23 UTC] PHP   5. addslashes() /home/cclosh/SVN/cc/todo/fastphp/core.php:47
[08-May-2018 02:51:29 UTC] PHP Warning:  addslashes() expects exactly 1 parameter, 0 given in /home/cclosh/SVN/cc/todo/fastphp/core.php on line 47
[08-May-2018 02:51:29 UTC] PHP Stack trace:
[08-May-2018 02:51:29 UTC] PHP   1. {main}() /home/cclosh/SVN/cc/todo/public/index.php:0
[08-May-2018 02:51:29 UTC] PHP   2. require() /home/cclosh/SVN/cc/todo/public/index.php:8
[08-May-2018 02:51:29 UTC] PHP   3. Fast->run() /home/cclosh/SVN/cc/todo/fastphp/fastphp.php:28
[08-May-2018 02:51:29 UTC] PHP   4. Fast->removeMagicQuotes() /home/cclosh/SVN/cc/todo/fastphp/core.php:9
[08-May-2018 02:51:29 UTC] PHP   5. addslashes() /home/cclosh/SVN/cc/todo/fastphp/core.php:47
[08-May-2018 02:51:29 UTC] PHP Warning:  addslashes() expects exactly 1 parameter, 0 given in /home/cclosh/SVN/cc/todo/fastphp/core.php on line 47
[08-May-2018 02:51:29 UTC] PHP Stack trace:
[08-May-2018 02:51:29 UTC] PHP   1. {main}() /home/cclosh/SVN/cc/todo/public/index.php:0
[08-May-2018 02:51:29 UTC] PHP   2. require() /home/cclosh/SVN/cc/todo/public/index.php:8
[08-May-2018 02:51:29 UTC] PHP   3. Fast->run() /home/cclosh/SVN/cc/todo/fastphp/fastphp.php:28
[08-May-2018 02:51:29 UTC] PHP   4. Fast->removeMagicQuotes() /home/cclosh/SVN/cc/todo/fastphp/core.php:9
[08-May-2018 02:51:29 UTC] PHP   5. addslashes() /home/cclosh/SVN/cc/todo/fastphp/core.php:47
[08-May-2018 02:51:36 UTC] PHP Warning:  addslashes() expects exactly 1 parameter, 0 given in /home/cclosh/SVN/cc/todo/fastphp/core.php on line 47
[08-May-2018 02:51:36 UTC] PHP Stack trace:
[08-May-2018 02:51:36 UTC] PHP   1. {main}() /home/cclosh/SVN/cc/todo/public/index.php:0
[08-May-2018 02:51:36 UTC] PHP   2. require() /home/cclosh/SVN/cc/todo/public/index.php:8
[08-May-2018 02:51:36 UTC] PHP   3. Fast->run() /home/cclosh/SVN/cc/todo/fastphp/fastphp.php:28
[08-May-2018 02:51:36 UTC] PHP   4. Fast->removeMagicQuotes() /home/cclosh/SVN/cc/todo/fastphp/core.php:9
[08-May-2018 02:51:36 UTC] PHP   5. addslashes() /home/cclosh/SVN/cc/todo/fastphp/core.php:47
[08-May-2018 02:51:37 UTC] PHP Warning:  addslashes() expects exactly 1 parameter, 0 given in /home/cclosh/SVN/cc/todo/fastphp/core.php on line 47
[08-May-2018 02:51:37 UTC] PHP Stack trace:
[08-May-2018 02:51:37 UTC] PHP   1. {main}() /home/cclosh/SVN/cc/todo/public/index.php:0
[08-May-2018 02:51:37 UTC] PHP   2. require() /home/cclosh/SVN/cc/todo/public/index.php:8
[08-May-2018 02:51:37 UTC] PHP   3. Fast->run() /home/cclosh/SVN/cc/todo/fastphp/fastphp.php:28
[08-May-2018 02:51:37 UTC] PHP   4. Fast->removeMagicQuotes() /home/cclosh/SVN/cc/todo/fastphp/core.php:9
[08-May-2018 02:51:37 UTC] PHP   5. addslashes() /home/cclosh/SVN/cc/todo/fastphp/core.php:47
[08-May-2018 02:51:37 UTC] PHP Warning:  addslashes() expects exactly 1 parameter, 0 given in /home/cclosh/SVN/cc/todo/fastphp/core.php on line 47
[08-May-2018 02:51:37 UTC] PHP Stack trace:
[08-May-2018 02:51:37 UTC] PHP   1. {main}() /home/cclosh/SVN/cc/todo/public/index.php:0
[08-May-2018 02:51:37 UTC] PHP   2. require() /home/cclosh/SVN/cc/todo/public/index.php:8
[08-May-2018 02:51:37 UTC] PHP   3. Fast->run() /home/cclosh/SVN/cc/todo/fastphp/fastphp.php:28
[08-May-2018 02:51:37 UTC] PHP   4. Fast->removeMagicQuotes() /home/cclosh/SVN/cc/todo/fastphp/core.php:9
[08-May-2018 02:51:37 UTC] PHP   5. addslashes() /home/cclosh/SVN/cc/todo/fastphp/core.php:47
[08-May-2018 02:51:37 UTC] PHP Warning:  addslashes() expects exactly 1 parameter, 0 given in /home/cclosh/SVN/cc/todo/fastphp/core.php on line 47
[08-May-2018 02:51:37 UTC] PHP Stack trace:
[08-May-2018 02:51:37 UTC] PHP   1. {main}() /home/cclosh/SVN/cc/todo/public/index.php:0
[08-May-2018 02:51:37 UTC] PHP   2. require() /home/cclosh/SVN/cc/todo/public/index.php:8
[08-May-2018 02:51:37 UTC] PHP   3. Fast->run() /home/cclosh/SVN/cc/todo/fastphp/fastphp.php:28
[08-May-2018 02:51:37 UTC] PHP   4. Fast->removeMagicQuotes() /home/cclosh/SVN/cc/todo/fastphp/core.php:9
[08-May-2018 02:51:37 UTC] PHP   5. addslashes() /home/cclosh/SVN/cc/todo/fastphp/core.php:47
[08-May-2018 02:51:37 UTC] PHP Warning:  addslashes() expects exactly 1 parameter, 0 given in /home/cclosh/SVN/cc/todo/fastphp/core.php on line 47
[08-May-2018 02:51:37 UTC] PHP Stack trace:
[08-May-2018 02:51:37 UTC] PHP   1. {main}() /home/cclosh/SVN/cc/todo/public/index.php:0
[08-May-2018 02:51:37 UTC] PHP   2. require() /home/cclosh/SVN/cc/todo/public/index.php:8
[08-May-2018 02:51:37 UTC] PHP   3. Fast->run() /home/cclosh/SVN/cc/todo/fastphp/fastphp.php:28
[08-May-2018 02:51:37 UTC] PHP   4. Fast->removeMagicQuotes() /home/cclosh/SVN/cc/todo/fastphp/core.php:9
[08-May-2018 02:51:37 UTC] PHP   5. addslashes() /home/cclosh/SVN/cc/todo/fastphp/core.php:47
[08-May-2018 02:51:37 UTC] PHP Warning:  addslashes() expects exactly 1 parameter, 0 given in /home/cclosh/SVN/cc/todo/fastphp/core.php on line 47
[08-May-2018 02:51:37 UTC] PHP Stack trace:
[08-May-2018 02:51:37 UTC] PHP   1. {main}() /home/cclosh/SVN/cc/todo/public/index.php:0
[08-May-2018 02:51:37 UTC] PHP   2. require() /home/cclosh/SVN/cc/todo/public/index.php:8
[08-May-2018 02:51:37 UTC] PHP   3. Fast->run() /home/cclosh/SVN/cc/todo/fastphp/fastphp.php:28
[08-May-2018 02:51:37 UTC] PHP   4. Fast->removeMagicQuotes() /home/cclosh/SVN/cc/todo/fastphp/core.php:9
[08-May-2018 02:51:37 UTC] PHP   5. addslashes() /home/cclosh/SVN/cc/todo/fastphp/core.php:47
[08-May-2018 02:55:51 UTC] PHP Warning:  addslashes() expects exactly 1 parameter, 0 given in /home/cclosh/SVN/cc/todo/fastphp/core.php on line 47
[08-May-2018 02:55:51 UTC] PHP Stack trace:
[08-May-2018 02:55:51 UTC] PHP   1. {main}() /home/cclosh/SVN/cc/todo/public/index.php:0
[08-May-2018 02:55:51 UTC] PHP   2. require() /home/cclosh/SVN/cc/todo/public/index.php:8
[08-May-2018 02:55:51 UTC] PHP   3. Fast->run() /home/cclosh/SVN/cc/todo/fastphp/fastphp.php:28
[08-May-2018 02:55:51 UTC] PHP   4. Fast->removeMagicQuotes() /home/cclosh/SVN/cc/todo/fastphp/core.php:9
[08-May-2018 02:55:51 UTC] PHP   5. addslashes() /home/cclosh/SVN/cc/todo/fastphp/core.php:47
[08-May-2018 02:55:51 UTC] PHP Warning:  addslashes() expects exactly 1 parameter, 0 given in /home/cclosh/SVN/cc/todo/fastphp/core.php on line 47
[08-May-2018 02:55:51 UTC] PHP Stack trace:
[08-May-2018 02:55:51 UTC] PHP   1. {main}() /home/cclosh/SVN/cc/todo/public/index.php:0
[08-May-2018 02:55:51 UTC] PHP   2. require() /home/cclosh/SVN/cc/todo/public/index.php:8
[08-May-2018 02:55:51 UTC] PHP   3. Fast->run() /home/cclosh/SVN/cc/todo/fastphp/fastphp.php:28
[08-May-2018 02:55:51 UTC] PHP   4. Fast->removeMagicQuotes() /home/cclosh/SVN/cc/todo/fastphp/core.php:9
[08-May-2018 02:55:51 UTC] PHP   5. addslashes() /home/cclosh/SVN/cc/todo/fastphp/core.php:47
[08-May-2018 02:55:52 UTC] PHP Warning:  addslashes() expects exactly 1 parameter, 0 given in /home/cclosh/SVN/cc/todo/fastphp/core.php on line 47
[08-May-2018 02:55:52 UTC] PHP Stack trace:
[08-May-2018 02:55:52 UTC] PHP   1. {main}() /home/cclosh/SVN/cc/todo/public/index.php:0
[08-May-2018 02:55:52 UTC] PHP   2. require() /home/cclosh/SVN/cc/todo/public/index.php:8
[08-May-2018 02:55:52 UTC] PHP   3. Fast->run() /home/cclosh/SVN/cc/todo/fastphp/fastphp.php:28
[08-May-2018 02:55:52 UTC] PHP   4. Fast->removeMagicQuotes() /home/cclosh/SVN/cc/todo/fastphp/core.php:9
[08-May-2018 02:55:52 UTC] PHP   5. addslashes() /home/cclosh/SVN/cc/todo/fastphp/core.php:47
[08-May-2018 02:55:52 UTC] PHP Warning:  addslashes() expects exactly 1 parameter, 0 given in /home/cclosh/SVN/cc/todo/fastphp/core.php on line 47
[08-May-2018 02:55:52 UTC] PHP Stack trace:
[08-May-2018 02:55:52 UTC] PHP   1. {main}() /home/cclosh/SVN/cc/todo/public/index.php:0
[08-May-2018 02:55:52 UTC] PHP   2. require() /home/cclosh/SVN/cc/todo/public/index.php:8
[08-May-2018 02:55:52 UTC] PHP   3. Fast->run() /home/cclosh/SVN/cc/todo/fastphp/fastphp.php:28
[08-May-2018 02:55:52 UTC] PHP   4. Fast->removeMagicQuotes() /home/cclosh/SVN/cc/todo/fastphp/core.php:9
[08-May-2018 02:55:52 UTC] PHP   5. addslashes() /home/cclosh/SVN/cc/todo/fastphp/core.php:47
[08-May-2018 02:57:37 UTC] PHP Warning:  addslashes() expects exactly 1 parameter, 0 given in /home/cclosh/SVN/cc/todo/fastphp/core.php on line 47
[08-May-2018 02:57:37 UTC] PHP Stack trace:
[08-May-2018 02:57:37 UTC] PHP   1. {main}() /home/cclosh/SVN/cc/todo/public/index.php:0
[08-May-2018 02:57:37 UTC] PHP   2. require() /home/cclosh/SVN/cc/todo/public/index.php:8
[08-May-2018 02:57:37 UTC] PHP   3. Fast->run() /home/cclosh/SVN/cc/todo/fastphp/fastphp.php:23
[08-May-2018 02:57:37 UTC] PHP   4. Fast->removeMagicQuotes() /home/cclosh/SVN/cc/todo/fastphp/core.php:9
[08-May-2018 02:57:37 UTC] PHP   5. addslashes() /home/cclosh/SVN/cc/todo/fastphp/core.php:47
[08-May-2018 02:57:37 UTC] PHP Warning:  addslashes() expects exactly 1 parameter, 0 given in /home/cclosh/SVN/cc/todo/fastphp/core.php on line 47
[08-May-2018 02:57:37 UTC] PHP Stack trace:
[08-May-2018 02:57:37 UTC] PHP   1. {main}() /home/cclosh/SVN/cc/todo/public/index.php:0
[08-May-2018 02:57:37 UTC] PHP   2. require() /home/cclosh/SVN/cc/todo/public/index.php:8
[08-May-2018 02:57:37 UTC] PHP   3. Fast->run() /home/cclosh/SVN/cc/todo/fastphp/fastphp.php:23
[08-May-2018 02:57:37 UTC] PHP   4. Fast->removeMagicQuotes() /home/cclosh/SVN/cc/todo/fastphp/core.php:9
[08-May-2018 02:57:37 UTC] PHP   5. addslashes() /home/cclosh/SVN/cc/todo/fastphp/core.php:47
[08-May-2018 02:57:38 UTC] PHP Warning:  addslashes() expects exactly 1 parameter, 0 given in /home/cclosh/SVN/cc/todo/fastphp/core.php on line 47
[08-May-2018 02:57:38 UTC] PHP Stack trace:
[08-May-2018 02:57:38 UTC] PHP   1. {main}() /home/cclosh/SVN/cc/todo/public/index.php:0
[08-May-2018 02:57:38 UTC] PHP   2. require() /home/cclosh/SVN/cc/todo/public/index.php:8
[08-May-2018 02:57:38 UTC] PHP   3. Fast->run() /home/cclosh/SVN/cc/todo/fastphp/fastphp.php:23
[08-May-2018 02:57:38 UTC] PHP   4. Fast->removeMagicQuotes() /home/cclosh/SVN/cc/todo/fastphp/core.php:9
[08-May-2018 02:57:38 UTC] PHP   5. addslashes() /home/cclosh/SVN/cc/todo/fastphp/core.php:47
[08-May-2018 02:57:38 UTC] PHP Warning:  addslashes() expects exactly 1 parameter, 0 given in /home/cclosh/SVN/cc/todo/fastphp/core.php on line 47
[08-May-2018 02:57:38 UTC] PHP Stack trace:
[08-May-2018 02:57:38 UTC] PHP   1. {main}() /home/cclosh/SVN/cc/todo/public/index.php:0
[08-May-2018 02:57:38 UTC] PHP   2. require() /home/cclosh/SVN/cc/todo/public/index.php:8
[08-May-2018 02:57:38 UTC] PHP   3. Fast->run() /home/cclosh/SVN/cc/todo/fastphp/fastphp.php:23
[08-May-2018 02:57:38 UTC] PHP   4. Fast->removeMagicQuotes() /home/cclosh/SVN/cc/todo/fastphp/core.php:9
[08-May-2018 02:57:38 UTC] PHP   5. addslashes() /home/cclosh/SVN/cc/todo/fastphp/core.php:47
