[15-May-2018 07:53:55 UTC] PHP Warning:  explode(): Empty delimiter in /home/cclosh/SVN/cc/todo/fastphp/core.php on line 24
[15-May-2018 07:53:55 UTC] PHP Stack trace:
[15-May-2018 07:53:55 UTC] PHP   1. {main}() /home/cclosh/SVN/cc/todo/public/index.php:0
[15-May-2018 07:53:55 UTC] PHP   2. require() /home/cclosh/SVN/cc/todo/public/index.php:8
[15-May-2018 07:53:55 UTC] PHP   3. Fast->run() /home/cclosh/SVN/cc/todo/fastphp/fastphp.php:23
[15-May-2018 07:53:55 UTC] PHP   4. Fast->callHook() /home/cclosh/SVN/cc/todo/fastphp/core.php:11
[15-May-2018 07:53:55 UTC] PHP   5. explode('', '/') /home/cclosh/SVN/cc/todo/fastphp/core.php:24
[15-May-2018 07:54:09 UTC] PHP Warning:  explode(): Empty delimiter in /home/cclosh/SVN/cc/todo/fastphp/core.php on line 25
[15-May-2018 07:54:09 UTC] PHP Stack trace:
[15-May-2018 07:54:09 UTC] PHP   1. {main}() /home/cclosh/SVN/cc/todo/public/index.php:0
[15-May-2018 07:54:09 UTC] PHP   2. require() /home/cclosh/SVN/cc/todo/public/index.php:8
[15-May-2018 07:54:09 UTC] PHP   3. Fast->run() /home/cclosh/SVN/cc/todo/fastphp/fastphp.php:23
[15-May-2018 07:54:09 UTC] PHP   4. Fast->callHook() /home/cclosh/SVN/cc/todo/fastphp/core.php:11
[15-May-2018 07:54:09 UTC] PHP   5. explode('', '/') /home/cclosh/SVN/cc/todo/fastphp/core.php:25
[15-May-2018 08:44:29 UTC] PHP Fatal error:  Uncaught Error: Class 'AbcController' not found in /home/cclosh/SVN/cc/todo/fastphp/core.php:36
Stack trace:
#0 /home/cclosh/SVN/cc/todo/fastphp/core.php(11): Fast->callHook()
#1 /home/cclosh/SVN/cc/todo/fastphp/fastphp.php(23): Fast->run()
#2 /home/cclosh/SVN/cc/todo/public/index.php(8): require('/home/cclosh/SV...')
#3 {main}
  thrown in /home/cclosh/SVN/cc/todo/fastphp/core.php on line 36
[15-May-2018 08:44:43 UTC] PHP Fatal error:  Uncaught Error: Class 'AbcController' not found in /home/cclosh/SVN/cc/todo/fastphp/core.php:36
Stack trace:
#0 /home/cclosh/SVN/cc/todo/fastphp/core.php(11): Fast->callHook()
#1 /home/cclosh/SVN/cc/todo/fastphp/fastphp.php(23): Fast->run()
#2 /home/cclosh/SVN/cc/todo/public/index.php(8): require('/home/cclosh/SV...')
#3 {main}
  thrown in /home/cclosh/SVN/cc/todo/fastphp/core.php on line 36
[15-May-2018 08:44:44 UTC] PHP Fatal error:  Uncaught Error: Class 'AbcController' not found in /home/cclosh/SVN/cc/todo/fastphp/core.php:36
Stack trace:
#0 /home/cclosh/SVN/cc/todo/fastphp/core.php(11): Fast->callHook()
#1 /home/cclosh/SVN/cc/todo/fastphp/fastphp.php(23): Fast->run()
#2 /home/cclosh/SVN/cc/todo/public/index.php(8): require('/home/cclosh/SV...')
#3 {main}
  thrown in /home/cclosh/SVN/cc/todo/fastphp/core.php on line 36
[15-May-2018 08:44:44 UTC] PHP Fatal error:  Uncaught Error: Class 'AbcController' not found in /home/cclosh/SVN/cc/todo/fastphp/core.php:36
Stack trace:
#0 /home/cclosh/SVN/cc/todo/fastphp/core.php(11): Fast->callHook()
#1 /home/cclosh/SVN/cc/todo/fastphp/fastphp.php(23): Fast->run()
#2 /home/cclosh/SVN/cc/todo/public/index.php(8): require('/home/cclosh/SV...')
#3 {main}
  thrown in /home/cclosh/SVN/cc/todo/fastphp/core.php on line 36
[15-May-2018 08:44:44 UTC] PHP Fatal error:  Uncaught Error: Class 'AbcController' not found in /home/cclosh/SVN/cc/todo/fastphp/core.php:36
Stack trace:
#0 /home/cclosh/SVN/cc/todo/fastphp/core.php(11): Fast->callHook()
#1 /home/cclosh/SVN/cc/todo/fastphp/fastphp.php(23): Fast->run()
#2 /home/cclosh/SVN/cc/todo/public/index.php(8): require('/home/cclosh/SV...')
#3 {main}
  thrown in /home/cclosh/SVN/cc/todo/fastphp/core.php on line 36
[15-May-2018 08:44:44 UTC] PHP Fatal error:  Uncaught Error: Class 'AbcController' not found in /home/cclosh/SVN/cc/todo/fastphp/core.php:36
Stack trace:
#0 /home/cclosh/SVN/cc/todo/fastphp/core.php(11): Fast->callHook()
#1 /home/cclosh/SVN/cc/todo/fastphp/fastphp.php(23): Fast->run()
#2 /home/cclosh/SVN/cc/todo/public/index.php(8): require('/home/cclosh/SV...')
#3 {main}
  thrown in /home/cclosh/SVN/cc/todo/fastphp/core.php on line 36
[15-May-2018 08:44:44 UTC] PHP Fatal error:  Uncaught Error: Class 'AbcController' not found in /home/cclosh/SVN/cc/todo/fastphp/core.php:36
Stack trace:
#0 /home/cclosh/SVN/cc/todo/fastphp/core.php(11): Fast->callHook()
#1 /home/cclosh/SVN/cc/todo/fastphp/fastphp.php(23): Fast->run()
#2 /home/cclosh/SVN/cc/todo/public/index.php(8): require('/home/cclosh/SV...')
#3 {main}
  thrown in /home/cclosh/SVN/cc/todo/fastphp/core.php on line 36
[15-May-2018 08:44:48 UTC] PHP Fatal error:  Uncaught Error: Class 'AbcController' not found in /home/cclosh/SVN/cc/todo/fastphp/core.php:36
Stack trace:
#0 /home/cclosh/SVN/cc/todo/fastphp/core.php(11): Fast->callHook()
#1 /home/cclosh/SVN/cc/todo/fastphp/fastphp.php(23): Fast->run()
#2 /home/cclosh/SVN/cc/todo/public/index.php(8): require('/home/cclosh/SV...')
#3 {main}
  thrown in /home/cclosh/SVN/cc/todo/fastphp/core.php on line 36
